  ByteComparer.cpp
C:\Users\Mining1\Desktop\SOURCE\ByteComparerSln\ByteComparer\Impl_MainProgram.h(9,8): error C2371: 'std::string': redefinition; different basic types
C:\Program Files (x86)\Microsoft Visual Studio\2019\Community\VC\Tools\MSVC\14.28.29910\include\xstring(4648): message : see declaration of 'std::string'
C:\Users\Mining1\Desktop\SOURCE\ByteComparerSln\ByteComparer\Impl_MainProgram.h(26,14): error C2079: 'Impl_MainProgram::filePath1' uses undefined class 'std::string'
C:\Users\Mining1\Desktop\SOURCE\ByteComparerSln\ByteComparer\Impl_MainProgram.h(27,14): error C2079: 'Impl_MainProgram::filePath2' uses undefined class 'std::string'
C:\Users\Mining1\Desktop\SOURCE\ByteComparerSln\ByteComparer\ByteComparer.cpp(12,1): error C2027: use of undefined type 'std::string'
C:\Users\Mining1\Desktop\SOURCE\ByteComparerSln\ByteComparer\Impl_MainProgram.h(9): message : see declaration of 'std::string'
C:\Users\Mining1\Desktop\SOURCE\ByteComparerSln\ByteComparer\ByteComparer.cpp(12,1): error C2079: 'getArg' uses undefined class 'std::string'
C:\Users\Mining1\Desktop\SOURCE\ByteComparerSln\ByteComparer\ByteComparer.cpp(11,13): error C2027: use of undefined type 'std::string'
C:\Users\Mining1\Desktop\SOURCE\ByteComparerSln\ByteComparer\Impl_MainProgram.h(9): message : see declaration of 'std::string'
C:\Users\Mining1\Desktop\SOURCE\ByteComparerSln\ByteComparer\ByteComparer.cpp(13,17): error C2079: 'data' uses undefined class 'std::string'
C:\Users\Mining1\Desktop\SOURCE\ByteComparerSln\ByteComparer\ByteComparer.cpp(33,43): error C2027: use of undefined type 'std::string'
C:\Users\Mining1\Desktop\SOURCE\ByteComparerSln\ByteComparer\Impl_MainProgram.h(9): message : see declaration of 'std::string'
C:\Users\Mining1\Desktop\SOURCE\ByteComparerSln\ByteComparer\ByteComparer.cpp(33,60): error C2027: use of undefined type 'std::string'
C:\Users\Mining1\Desktop\SOURCE\ByteComparerSln\ByteComparer\Impl_MainProgram.h(9): message : see declaration of 'std::string'
C:\Users\Mining1\Desktop\SOURCE\ByteComparerSln\ByteComparer\ByteComparer.cpp(33,76): error C2664: 'Impl_MainProgram::Impl_MainProgram(std::string,std::string)': cannot convert argument 1 from 'std::string' to 'std::string'
C:\Users\Mining1\Desktop\SOURCE\ByteComparerSln\ByteComparer\ByteComparer.cpp(33,76): message : use of undefined type 'std::string'
C:\Users\Mining1\Desktop\SOURCE\ByteComparerSln\ByteComparer\Impl_MainProgram.h(9,8): message : see declaration of 'std::string'
C:\Users\Mining1\Desktop\SOURCE\ByteComparerSln\ByteComparer\Impl_MainProgram.h(32,2): message : see declaration of 'Impl_MainProgram::Impl_MainProgram'
  Impl_BaseProgram.cpp
  Impl_MainProgram.cpp
C:\Users\Mining1\Desktop\SOURCE\ByteComparerSln\ByteComparer\Impl_MainProgram.h(9,8): error C2371: 'std::string': redefinition; different basic types
C:\Program Files (x86)\Microsoft Visual Studio\2019\Community\VC\Tools\MSVC\14.28.29910\include\xstring(4648): message : see declaration of 'std::string'
C:\Users\Mining1\Desktop\SOURCE\ByteComparerSln\ByteComparer\Impl_MainProgram.h(26,14): error C2079: 'Impl_MainProgram::filePath1' uses undefined class 'std::string'
C:\Users\Mining1\Desktop\SOURCE\ByteComparerSln\ByteComparer\Impl_MainProgram.h(27,14): error C2079: 'Impl_MainProgram::filePath2' uses undefined class 'std::string'
C:\Users\Mining1\Desktop\SOURCE\ByteComparerSln\ByteComparer\Impl_MainProgram.cpp(14,19): error C2027: use of undefined type 'std::string'
C:\Users\Mining1\Desktop\SOURCE\ByteComparerSln\ByteComparer\Impl_MainProgram.h(9): message : see declaration of 'std::string'
C:\Users\Mining1\Desktop\SOURCE\ByteComparerSln\ByteComparer\Impl_MainProgram.cpp(16,17): error C2027: use of undefined type 'std::string'
C:\Users\Mining1\Desktop\SOURCE\ByteComparerSln\ByteComparer\Impl_MainProgram.h(9): message : see declaration of 'std::string'
C:\Users\Mining1\Desktop\SOURCE\ByteComparerSln\ByteComparer\Impl_MainProgram.cpp(17,17): error C2027: use of undefined type 'std::string'
C:\Users\Mining1\Desktop\SOURCE\ByteComparerSln\ByteComparer\Impl_MainProgram.h(9): message : see declaration of 'std::string'
C:\Users\Mining1\Desktop\SOURCE\ByteComparerSln\ByteComparer\Impl_MainProgram.cpp(34,24): error C2027: use of undefined type 'std::string'
C:\Users\Mining1\Desktop\SOURCE\ByteComparerSln\ByteComparer\Impl_MainProgram.h(9): message : see declaration of 'std::string'
C:\Users\Mining1\Desktop\SOURCE\ByteComparerSln\ByteComparer\Impl_MainProgram.cpp(39,31): error C2664: 'std::basic_ifstream<char,std::char_traits<char>>::basic_ifstream<std::experimental::filesystem::v1::path>(const std::experimental::filesystem::v1::path &,std::ios_base::openmode,int)': cannot convert argument 1 from 'std::string' to 'const std::experimental::filesystem::v1::path &'
C:\Users\Mining1\Desktop\SOURCE\ByteComparerSln\ByteComparer\Impl_MainProgram.cpp(39,31): message : Reason: cannot convert from 'std::string' to 'const std::experimental::filesystem::v1::path'
C:\Users\Mining1\Desktop\SOURCE\ByteComparerSln\ByteComparer\Impl_MainProgram.cpp(39,31): message : use of undefined type 'std::experimental::filesystem::v1::path'
C:\Program Files (x86)\Microsoft Visual Studio\2019\Community\VC\Tools\MSVC\14.28.29910\include\fstream(45,19): message : see declaration of 'std::experimental::filesystem::v1::path'
C:\Program Files (x86)\Microsoft Visual Studio\2019\Community\VC\Tools\MSVC\14.28.29910\include\fstream(834,5): message : see declaration of 'std::basic_ifstream<char,std::char_traits<char>>::basic_ifstream'
C:\Users\Mining1\Desktop\SOURCE\ByteComparerSln\ByteComparer\Impl_MainProgram.cpp(64,8): error C2664: 'bool Impl_MainProgram::readFile(std::string,byte *)': cannot convert argument 1 from 'int' to 'std::string'
C:\Users\Mining1\Desktop\SOURCE\ByteComparerSln\ByteComparer\Impl_MainProgram.cpp(64,8): message : use of undefined type 'std::string'
C:\Users\Mining1\Desktop\SOURCE\ByteComparerSln\ByteComparer\Impl_MainProgram.h(9,8): message : see declaration of 'std::string'
C:\Users\Mining1\Desktop\SOURCE\ByteComparerSln\ByteComparer\Impl_MainProgram.cpp(34,24): message : see declaration of 'Impl_MainProgram::readFile'
  Generating Code...
